Copyright 1986-2022 Xilinx, Inc. All Rights Reserved.
-----------------------------------------------------------------------------------------------------------------------------------------------------------------------------
| Tool Version : Vivado v.2022.2 (win64) Build 3671981 Fri Oct 14 05:00:03 MDT 2022
| Date         : Tue Feb  6 15:25:30 2024
| Host         : JieLeiX1C2021 running 64-bit major release  (build 9200)
| Command      : report_methodology -file PolyDecFilter_methodology_drc_routed.rpt -pb PolyDecFilter_methodology_drc_routed.pb -rpx PolyDecFilter_methodology_drc_routed.rpx
| Design       : PolyDecFilter
| Device       : xczu28dr-ffvg1517-2-e
| Speed File   : -2
| Design State : Fully Routed
-----------------------------------------------------------------------------------------------------------------------------------------------------------------------------

Report Methodology

Table of Contents
-----------------
1. REPORT SUMMARY
2. REPORT DETAILS

1. REPORT SUMMARY
-----------------
            Netlist: netlist
          Floorplan: design_1
      Design limits: <entire design considered>
             Max violations: <unlimited>
             Violations found: 66
+-----------+----------+-------------------------------+------------+
| Rule      | Severity | Description                   | Violations |
+-----------+----------+-------------------------------+------------+
| TIMING-18 | Warning  | Missing input or output delay | 66         |
+-----------+----------+-------------------------------+------------+

2. REPORT DETAILS
-----------------
TIMING-18#1 Warning
Missing input or output delay  
An input delay is missing on ce relative to clock(s) sys_clk
Related violations: <none>

TIMING-18#2 Warning
Missing input or output delay  
An input delay is missing on din[0] relative to clock(s) sys_clk
Related violations: <none>

TIMING-18#3 Warning
Missing input or output delay  
An input delay is missing on din[10] relative to clock(s) sys_clk
Related violations: <none>

TIMING-18#4 Warning
Missing input or output delay  
An input delay is missing on din[11] relative to clock(s) sys_clk
Related violations: <none>

TIMING-18#5 Warning
Missing input or output delay  
An input delay is missing on din[12] relative to clock(s) sys_clk
Related violations: <none>

TIMING-18#6 Warning
Missing input or output delay  
An input delay is missing on din[13] relative to clock(s) sys_clk
Related violations: <none>

TIMING-18#7 Warning
Missing input or output delay  
An input delay is missing on din[14] relative to clock(s) sys_clk
Related violations: <none>

TIMING-18#8 Warning
Missing input or output delay  
An input delay is missing on din[15] relative to clock(s) sys_clk
Related violations: <none>

TIMING-18#9 Warning
Missing input or output delay  
An input delay is missing on din[1] relative to clock(s) sys_clk
Related violations: <none>

TIMING-18#10 Warning
Missing input or output delay  
An input delay is missing on din[2] relative to clock(s) sys_clk
Related violations: <none>

TIMING-18#11 Warning
Missing input or output delay  
An input delay is missing on din[3] relative to clock(s) sys_clk
Related violations: <none>

TIMING-18#12 Warning
Missing input or output delay  
An input delay is missing on din[4] relative to clock(s) sys_clk
Related violations: <none>

TIMING-18#13 Warning
Missing input or output delay  
An input delay is missing on din[5] relative to clock(s) sys_clk
Related violations: <none>

TIMING-18#14 Warning
Missing input or output delay  
An input delay is missing on din[6] relative to clock(s) sys_clk
Related violations: <none>

TIMING-18#15 Warning
Missing input or output delay  
An input delay is missing on din[7] relative to clock(s) sys_clk
Related violations: <none>

TIMING-18#16 Warning
Missing input or output delay  
An input delay is missing on din[8] relative to clock(s) sys_clk
Related violations: <none>

TIMING-18#17 Warning
Missing input or output delay  
An input delay is missing on din[9] relative to clock(s) sys_clk
Related violations: <none>

TIMING-18#18 Warning
Missing input or output delay  
An input delay is missing on reset relative to clock(s) sys_clk
Related violations: <none>

TIMING-18#19 Warning
Missing input or output delay  
An output delay is missing on dout[0] relative to clock(s) sys_clk
Related violations: <none>

TIMING-18#20 Warning
Missing input or output delay  
An output delay is missing on dout[10] relative to clock(s) sys_clk
Related violations: <none>

TIMING-18#21 Warning
Missing input or output delay  
An output delay is missing on dout[11] relative to clock(s) sys_clk
Related violations: <none>

TIMING-18#22 Warning
Missing input or output delay  
An output delay is missing on dout[12] relative to clock(s) sys_clk
Related violations: <none>

TIMING-18#23 Warning
Missing input or output delay  
An output delay is missing on dout[13] relative to clock(s) sys_clk
Related violations: <none>

TIMING-18#24 Warning
Missing input or output delay  
An output delay is missing on dout[14] relative to clock(s) sys_clk
Related violations: <none>

TIMING-18#25 Warning
Missing input or output delay  
An output delay is missing on dout[15] relative to clock(s) sys_clk
Related violations: <none>

TIMING-18#26 Warning
Missing input or output delay  
An output delay is missing on dout[16] relative to clock(s) sys_clk
Related violations: <none>

TIMING-18#27 Warning
Missing input or output delay  
An output delay is missing on dout[17] relative to clock(s) sys_clk
Related violations: <none>

TIMING-18#28 Warning
Missing input or output delay  
An output delay is missing on dout[18] relative to clock(s) sys_clk
Related violations: <none>

TIMING-18#29 Warning
Missing input or output delay  
An output delay is missing on dout[19] relative to clock(s) sys_clk
Related violations: <none>

TIMING-18#30 Warning
Missing input or output delay  
An output delay is missing on dout[1] relative to clock(s) sys_clk
Related violations: <none>

TIMING-18#31 Warning
Missing input or output delay  
An output delay is missing on dout[20] relative to clock(s) sys_clk
Related violations: <none>

TIMING-18#32 Warning
Missing input or output delay  
An output delay is missing on dout[21] relative to clock(s) sys_clk
Related violations: <none>

TIMING-18#33 Warning
Missing input or output delay  
An output delay is missing on dout[22] relative to clock(s) sys_clk
Related violations: <none>

TIMING-18#34 Warning
Missing input or output delay  
An output delay is missing on dout[23] relative to clock(s) sys_clk
Related violations: <none>

TIMING-18#35 Warning
Missing input or output delay  
An output delay is missing on dout[24] relative to clock(s) sys_clk
Related violations: <none>

TIMING-18#36 Warning
Missing input or output delay  
An output delay is missing on dout[25] relative to clock(s) sys_clk
Related violations: <none>

TIMING-18#37 Warning
Missing input or output delay  
An output delay is missing on dout[26] relative to clock(s) sys_clk
Related violations: <none>

TIMING-18#38 Warning
Missing input or output delay  
An output delay is missing on dout[27] relative to clock(s) sys_clk
Related violations: <none>

TIMING-18#39 Warning
Missing input or output delay  
An output delay is missing on dout[28] relative to clock(s) sys_clk
Related violations: <none>

TIMING-18#40 Warning
Missing input or output delay  
An output delay is missing on dout[29] relative to clock(s) sys_clk
Related violations: <none>

TIMING-18#41 Warning
Missing input or output delay  
An output delay is missing on dout[2] relative to clock(s) sys_clk
Related violations: <none>

TIMING-18#42 Warning
Missing input or output delay  
An output delay is missing on dout[30] relative to clock(s) sys_clk
Related violations: <none>

TIMING-18#43 Warning
Missing input or output delay  
An output delay is missing on dout[31] relative to clock(s) sys_clk
Related violations: <none>

TIMING-18#44 Warning
Missing input or output delay  
An output delay is missing on dout[32] relative to clock(s) sys_clk
Related violations: <none>

TIMING-18#45 Warning
Missing input or output delay  
An output delay is missing on dout[33] relative to clock(s) sys_clk
Related violations: <none>

TIMING-18#46 Warning
Missing input or output delay  
An output delay is missing on dout[34] relative to clock(s) sys_clk
Related violations: <none>

TIMING-18#47 Warning
Missing input or output delay  
An output delay is missing on dout[35] relative to clock(s) sys_clk
Related violations: <none>

TIMING-18#48 Warning
Missing input or output delay  
An output delay is missing on dout[36] relative to clock(s) sys_clk
Related violations: <none>

TIMING-18#49 Warning
Missing input or output delay  
An output delay is missing on dout[37] relative to clock(s) sys_clk
Related violations: <none>

TIMING-18#50 Warning
Missing input or output delay  
An output delay is missing on dout[38] relative to clock(s) sys_clk
Related violations: <none>

TIMING-18#51 Warning
Missing input or output delay  
An output delay is missing on dout[39] relative to clock(s) sys_clk
Related violations: <none>

TIMING-18#52 Warning
Missing input or output delay  
An output delay is missing on dout[3] relative to clock(s) sys_clk
Related violations: <none>

TIMING-18#53 Warning
Missing input or output delay  
An output delay is missing on dout[40] relative to clock(s) sys_clk
Related violations: <none>

TIMING-18#54 Warning
Missing input or output delay  
An output delay is missing on dout[41] relative to clock(s) sys_clk
Related violations: <none>

TIMING-18#55 Warning
Missing input or output delay  
An output delay is missing on dout[42] relative to clock(s) sys_clk
Related violations: <none>

TIMING-18#56 Warning
Missing input or output delay  
An output delay is missing on dout[43] relative to clock(s) sys_clk
Related violations: <none>

TIMING-18#57 Warning
Missing input or output delay  
An output delay is missing on dout[44] relative to clock(s) sys_clk
Related violations: <none>

TIMING-18#58 Warning
Missing input or output delay  
An output delay is missing on dout[45] relative to clock(s) sys_clk
Related violations: <none>

TIMING-18#59 Warning
Missing input or output delay  
An output delay is missing on dout[46] relative to clock(s) sys_clk
Related violations: <none>

TIMING-18#60 Warning
Missing input or output delay  
An output delay is missing on dout[47] relative to clock(s) sys_clk
Related violations: <none>

TIMING-18#61 Warning
Missing input or output delay  
An output delay is missing on dout[4] relative to clock(s) sys_clk
Related violations: <none>

TIMING-18#62 Warning
Missing input or output delay  
An output delay is missing on dout[5] relative to clock(s) sys_clk
Related violations: <none>

TIMING-18#63 Warning
Missing input or output delay  
An output delay is missing on dout[6] relative to clock(s) sys_clk
Related violations: <none>

TIMING-18#64 Warning
Missing input or output delay  
An output delay is missing on dout[7] relative to clock(s) sys_clk
Related violations: <none>

TIMING-18#65 Warning
Missing input or output delay  
An output delay is missing on dout[8] relative to clock(s) sys_clk
Related violations: <none>

TIMING-18#66 Warning
Missing input or output delay  
An output delay is missing on dout[9] relative to clock(s) sys_clk
Related violations: <none>


