Copyright 1986-2022 Xilinx, Inc. All Rights Reserved.
-----------------------------------------------------------------------------------------------------------------------
| Tool Version : Vivado v.2022.2 (win64) Build 3671981 Fri Oct 14 05:00:03 MDT 2022
| Date         : Tue Feb  6 15:24:35 2024
| Host         : JieLeiX1C2021 running 64-bit major release  (build 9200)
| Command      : report_utilization -file PolyDecFilter_utilization_placed.rpt -pb PolyDecFilter_utilization_placed.pb
| Design       : PolyDecFilter
| Device       : xczu28dr-ffvg1517-2-e
| Speed File   : -2
| Design State : Fully Placed
-----------------------------------------------------------------------------------------------------------------------

Utilization Design Information

Table of Contents
-----------------
1. CLB Logic
1.1 Summary of Registers by Type
2. CLB Logic Distribution
3. BLOCKRAM
4. ARITHMETIC
5. I/O
6. CLOCK
7. ADVANCED
8. CONFIGURATION
9. Primitives
10. Black Boxes
11. Instantiated Netlists

1. CLB Logic
------------

+----------------------------+------+-------+------------+-----------+-------+
|          Site Type         | Used | Fixed | Prohibited | Available | Util% |
+----------------------------+------+-------+------------+-----------+-------+
| CLB LUTs                   |   91 |     0 |          0 |    425280 |  0.02 |
|   LUT as Logic             |   58 |     0 |          0 |    425280 |  0.01 |
|   LUT as Memory            |   33 |     0 |          0 |    213600 |  0.02 |
|     LUT as Distributed RAM |    0 |     0 |            |           |       |
|     LUT as Shift Register  |   33 |     0 |            |           |       |
| CLB Registers              |  208 |     0 |          0 |    850560 |  0.02 |
|   Register as Flip Flop    |  208 |     0 |          0 |    850560 |  0.02 |
|   Register as Latch        |    0 |     0 |          0 |    850560 |  0.00 |
| CARRY8                     |    0 |     0 |          0 |     53160 |  0.00 |
| F7 Muxes                   |    0 |     0 |          0 |    212640 |  0.00 |
| F8 Muxes                   |    0 |     0 |          0 |    106320 |  0.00 |
| F9 Muxes                   |    0 |     0 |          0 |     53160 |  0.00 |
+----------------------------+------+-------+------------+-----------+-------+
* Warning! LUT value is adjusted to account for LUT combining.


1.1 Summary of Registers by Type
--------------------------------

+-------+--------------+-------------+--------------+
| Total | Clock Enable | Synchronous | Asynchronous |
+-------+--------------+-------------+--------------+
| 0     |            _ |           - |            - |
| 0     |            _ |           - |          Set |
| 0     |            _ |           - |        Reset |
| 0     |            _ |         Set |            - |
| 0     |            _ |       Reset |            - |
| 0     |          Yes |           - |            - |
| 0     |          Yes |           - |          Set |
| 0     |          Yes |           - |        Reset |
| 27    |          Yes |         Set |            - |
| 181   |          Yes |       Reset |            - |
+-------+--------------+-------------+--------------+


2. CLB Logic Distribution
-------------------------

+--------------------------------------------+------+-------+------------+-----------+-------+
|                  Site Type                 | Used | Fixed | Prohibited | Available | Util% |
+--------------------------------------------+------+-------+------------+-----------+-------+
| CLB                                        |   27 |     0 |          0 |     53160 |  0.05 |
|   CLBL                                     |    9 |     0 |            |           |       |
|   CLBM                                     |   18 |     0 |            |           |       |
| LUT as Logic                               |   58 |     0 |          0 |    425280 |  0.01 |
|   using O5 output only                     |    1 |       |            |           |       |
|   using O6 output only                     |    2 |       |            |           |       |
|   using O5 and O6                          |   55 |       |            |           |       |
| LUT as Memory                              |   33 |     0 |          0 |    213600 |  0.02 |
|   LUT as Distributed RAM                   |    0 |     0 |            |           |       |
|   LUT as Shift Register                    |   33 |     0 |            |           |       |
|     using O5 output only                   |    0 |       |            |           |       |
|     using O6 output only                   |    1 |       |            |           |       |
|     using O5 and O6                        |   32 |       |            |           |       |
| CLB Registers                              |  208 |     0 |          0 |    850560 |  0.02 |
|   Register driven from within the CLB      |  124 |       |            |           |       |
|   Register driven from outside the CLB     |   84 |       |            |           |       |
|     LUT in front of the register is unused |   70 |       |            |           |       |
|     LUT in front of the register is used   |   14 |       |            |           |       |
| Unique Control Sets                        |    7 |       |          0 |    106320 | <0.01 |
+--------------------------------------------+------+-------+------------+-----------+-------+
* * Note: Available Control Sets calculated as Slices * 2, Review the Control Sets Report for more information regarding control sets.


3. BLOCKRAM
-----------

+----------------+------+-------+------------+-----------+-------+
|    Site Type   | Used | Fixed | Prohibited | Available | Util% |
+----------------+------+-------+------------+-----------+-------+
| Block RAM Tile |    0 |     0 |          0 |      1080 |  0.00 |
|   RAMB36/FIFO* |    0 |     0 |          0 |      1080 |  0.00 |
|   RAMB18       |    0 |     0 |          0 |      2160 |  0.00 |
| URAM           |    0 |     0 |          0 |        80 |  0.00 |
+----------------+------+-------+------------+-----------+-------+
* Note: Each Block RAM Tile only has one FIFO logic available and therefore can accommodate only one FIFO36E2 or one FIFO18E2. However, if a FIFO18E2 occupies a Block RAM Tile, that tile can still accommodate a RAMB18E2


4. ARITHMETIC
-------------

+----------------+------+-------+------------+-----------+-------+
|    Site Type   | Used | Fixed | Prohibited | Available | Util% |
+----------------+------+-------+------------+-----------+-------+
| DSPs           |    6 |     0 |          0 |      4272 |  0.14 |
|   DSP48E2 only |    6 |       |            |           |       |
+----------------+------+-------+------------+-----------+-------+


5. I/O
------

+------------------+------+-------+------------+-----------+-------+
|     Site Type    | Used | Fixed | Prohibited | Available | Util% |
+------------------+------+-------+------------+-----------+-------+
| Bonded IOB       |   67 |     0 |          0 |       347 | 19.31 |
| HPIOB_M          |   24 |     0 |          0 |       138 | 17.39 |
|   INPUT          |    0 |       |            |           |       |
|   OUTPUT         |   24 |       |            |           |       |
|   BIDIR          |    0 |       |            |           |       |
| HPIOB_S          |   24 |     0 |          0 |       138 | 17.39 |
|   INPUT          |    0 |       |            |           |       |
|   OUTPUT         |   24 |       |            |           |       |
|   BIDIR          |    0 |       |            |           |       |
| HDIOB_M          |   10 |     0 |          0 |        24 | 41.67 |
|   INPUT          |   10 |       |            |           |       |
|   OUTPUT         |    0 |       |            |           |       |
|   BIDIR          |    0 |       |            |           |       |
| HDIOB_S          |    9 |     0 |          0 |        24 | 37.50 |
|   INPUT          |    9 |       |            |           |       |
|   OUTPUT         |    0 |       |            |           |       |
|   BIDIR          |    0 |       |            |           |       |
| HPIOB_SNGL       |    0 |     0 |          0 |        23 |  0.00 |
| HPIOBDIFFINBUF   |    0 |     0 |          0 |       192 |  0.00 |
| HPIOBDIFFOUTBUF  |    0 |     0 |          0 |       192 |  0.00 |
| HDIOBDIFFINBUF   |    0 |     0 |          0 |        72 |  0.00 |
| BITSLICE_CONTROL |    0 |     0 |          0 |        64 |  0.00 |
| BITSLICE_RX_TX   |    0 |     0 |          0 |      2496 |  0.00 |
| BITSLICE_TX      |    0 |     0 |          0 |        64 |  0.00 |
| RIU_OR           |    0 |     0 |          0 |        32 |  0.00 |
| HSADC            |    0 |     0 |          0 |         4 |  0.00 |
| HSDAC            |    0 |     0 |          0 |         4 |  0.00 |
+------------------+------+-------+------------+-----------+-------+


6. CLOCK
--------

+----------------------+------+-------+------------+-----------+-------+
|       Site Type      | Used | Fixed | Prohibited | Available | Util% |
+----------------------+------+-------+------------+-----------+-------+
| GLOBAL CLOCK BUFFERs |    1 |     0 |          0 |       696 |  0.14 |
|   BUFGCE             |    1 |     0 |          0 |       216 |  0.46 |
|   BUFGCE_DIV         |    0 |     0 |          0 |        32 |  0.00 |
|   BUFG_GT            |    0 |     0 |          0 |       312 |  0.00 |
|   BUFG_PS            |    0 |     0 |          0 |        72 |  0.00 |
|   BUFGCTRL*          |    0 |     0 |          0 |        64 |  0.00 |
| PLL                  |    0 |     0 |          0 |        16 |  0.00 |
| MMCM                 |    0 |     0 |          0 |         8 |  0.00 |
+----------------------+------+-------+------------+-----------+-------+
* Note: Each used BUFGCTRL counts as two GLOBAL CLOCK BUFFERs. This table does not include global clocking resources, only buffer cell usage. See the Clock Utilization Report (report_clock_utilization) for detailed accounting of global clocking resource availability.


7. ADVANCED
-----------

+-----------------+------+-------+------------+-----------+-------+
|    Site Type    | Used | Fixed | Prohibited | Available | Util% |
+-----------------+------+-------+------------+-----------+-------+
| CMACE4          |    0 |     0 |          0 |         2 |  0.00 |
| FE              |    0 |     0 |          0 |         8 |  0.00 |
| GTYE4_CHANNEL   |    0 |     0 |          0 |        16 |  0.00 |
| GTYE4_COMMON    |    0 |     0 |          0 |         4 |  0.00 |
| HSADC           |    0 |     0 |          0 |         4 |  0.00 |
| HSDAC           |    0 |     0 |          0 |         4 |  0.00 |
| ILKNE4          |    0 |     0 |          0 |         1 |  0.00 |
| OBUFDS_GTE4     |    0 |     0 |          0 |         8 |  0.00 |
| OBUFDS_GTE4_ADV |    0 |     0 |          0 |         8 |  0.00 |
| PCIE40E4        |    0 |     0 |          0 |         2 |  0.00 |
| PS8             |    0 |     0 |          0 |         1 |  0.00 |
| SYSMONE4        |    0 |     0 |          0 |         1 |  0.00 |
+-----------------+------+-------+------------+-----------+-------+


8. CONFIGURATION
----------------

+-------------+------+-------+------------+-----------+-------+
|  Site Type  | Used | Fixed | Prohibited | Available | Util% |
+-------------+------+-------+------------+-----------+-------+
| BSCANE2     |    0 |     0 |          0 |         4 |  0.00 |
| DNA_PORTE2  |    0 |     0 |          0 |         1 |  0.00 |
| EFUSE_USR   |    0 |     0 |          0 |         1 |  0.00 |
| FRAME_ECCE4 |    0 |     0 |          0 |         1 |  0.00 |
| ICAPE3      |    0 |     0 |          0 |         2 |  0.00 |
| MASTER_JTAG |    0 |     0 |          0 |         1 |  0.00 |
| STARTUPE3   |    0 |     0 |          0 |         1 |  0.00 |
+-------------+------+-------+------------+-----------+-------+


9. Primitives
-------------

+----------+------+---------------------+
| Ref Name | Used | Functional Category |
+----------+------+---------------------+
| FDRE     |  181 |            Register |
| SRL16E   |   65 |                 CLB |
| LUT2     |   55 |                 CLB |
| LUT4     |   50 |                 CLB |
| OBUF     |   48 |                 I/O |
| FDSE     |   27 |            Register |
| INBUF    |   19 |                 I/O |
| IBUFCTRL |   19 |              Others |
| LUT3     |    6 |                 CLB |
| DSP48E2  |    6 |          Arithmetic |
| LUT6     |    1 |                 CLB |
| LUT1     |    1 |                 CLB |
| BUFGCE   |    1 |               Clock |
+----------+------+---------------------+


10. Black Boxes
---------------

+----------+------+
| Ref Name | Used |
+----------+------+


11. Instantiated Netlists
-------------------------

+----------+------+
| Ref Name | Used |
+----------+------+


