Copyright 1986-2022 Xilinx, Inc. All Rights Reserved.
------------------------------------------------------------------------------------------------------------------------------------
| Tool Version : Vivado v.2022.2 (win64) Build 3671981 Fri Oct 14 05:00:03 MDT 2022
| Date         : Tue Feb  6 14:25:31 2024
| Host         : JieLeiX1C2021 running 64-bit major release  (build 9200)
| Command      : report_drc -file PolyIntrpFilter_drc_opted.rpt -pb PolyIntrpFilter_drc_opted.pb -rpx PolyIntrpFilter_drc_opted.rpx
| Design       : PolyIntrpFilter
| Device       : xczu28dr-ffvg1517-2-e
| Speed File   : -2
| Design State : Synthesized
------------------------------------------------------------------------------------------------------------------------------------

Report DRC

Table of Contents
-----------------
1. REPORT SUMMARY
2. REPORT DETAILS

1. REPORT SUMMARY
-----------------
            Netlist: netlist
          Floorplan: design_1
      Design limits: <entire design considered>
           Ruledeck: default
             Max violations: <unlimited>
             Violations found: 6
+-----------+------------------+-----------------------------------------------------------------------------+------------+
| Rule      | Severity         | Description                                                                 | Violations |
+-----------+------------------+-----------------------------------------------------------------------------+------------+
| REQP-1670 | Error            | enum_AREG_2_connects_CEA1_GND_connects_CEA2_GND_connects_CEA1_connects_CEA2 | 4          |
| NSTD-1    | Critical Warning | Unspecified I/O Standard                                                    | 1          |
| UCIO-1    | Critical Warning | Unconstrained Logical Port                                                  | 1          |
+-----------+------------------+-----------------------------------------------------------------------------+------------+

2. REPORT DETAILS
-----------------
REQP-1670#1 Error
enum_AREG_2_connects_CEA1_GND_connects_CEA2_GND_connects_CEA1_connects_CEA2  
L0[1].U2/sum_r_reg: When the DSP48E2 AREG attribute is set to 2, the CEA1 and CEA2 input pins cannot be unconnected or tied to GND.
Related violations: <none>

REQP-1670#2 Error
enum_AREG_2_connects_CEA1_GND_connects_CEA2_GND_connects_CEA1_connects_CEA2  
L0[2].U2/sum_r_reg: When the DSP48E2 AREG attribute is set to 2, the CEA1 and CEA2 input pins cannot be unconnected or tied to GND.
Related violations: <none>

REQP-1670#3 Error
enum_AREG_2_connects_CEA1_GND_connects_CEA2_GND_connects_CEA1_connects_CEA2  
L0[3].U2/sum_r_reg: When the DSP48E2 AREG attribute is set to 2, the CEA1 and CEA2 input pins cannot be unconnected or tied to GND.
Related violations: <none>

REQP-1670#4 Error
enum_AREG_2_connects_CEA1_GND_connects_CEA2_GND_connects_CEA1_connects_CEA2  
L0[4].U2/sum_r_reg: When the DSP48E2 AREG attribute is set to 2, the CEA1 and CEA2 input pins cannot be unconnected or tied to GND.
Related violations: <none>

NSTD-1#1 Critical Warning
Unspecified I/O Standard  
67 out of 67 logical ports use I/O standard (IOSTANDARD) value 'DEFAULT', instead of a user assigned specific value. This may cause I/O contention or incompatibility with the board power or connectivity affecting performance, signal integrity or in extreme cases cause damage to the device or the components to which it is connected. To correct this violation, specify all I/O standards. This design will fail to generate a bitstream unless all logical ports have a user specified I/O standard value defined. To allow bitstream creation with unspecified I/O standard values (not recommended), use this command: set_property SEVERITY {Warning} [get_drc_checks NSTD-1].  NOTE: When using the Vivado Runs infrastructure (e.g. launch_runs Tcl command), add this command to a .tcl file and add that file as a pre-hook for write_bitstream step for the implementation run. Problem ports: ce, clk, din[15:0], dout[47:0], reset.
Related violations: <none>

UCIO-1#1 Critical Warning
Unconstrained Logical Port  
67 out of 67 logical ports have no user assigned specific location constraint (LOC). This may cause I/O contention or incompatibility with the board power or connectivity affecting performance, signal integrity or in extreme cases cause damage to the device or the components to which it is connected. To correct this violation, specify all pin locations. This design will fail to generate a bitstream unless all logical ports have a user specified site LOC constraint defined.  To allow bitstream creation with unspecified pin locations (not recommended), use this command: set_property SEVERITY {Warning} [get_drc_checks UCIO-1].  NOTE: When using the Vivado Runs infrastructure (e.g. launch_runs Tcl command), add this command to a .tcl file and add that file as a pre-hook for write_bitstream step for the implementation run.  Problem ports: ce, clk, din[15:0], dout[47:0], reset.
Related violations: <none>


